2024-01-29 10:30:19		doConnect()-PLC IP and Port No-	192.168.250.1 9600
2024-01-29 10:30:19		doConnect()-PLC IP and Port No-	192.168.250.1 9600
2024-01-29 10:46:27		doConnect()-PLC IP and Port No-	192.168.250.1 9600
2024-01-29 10:46:27		doConnect()-PLC IP and Port No-	192.168.250.1 9600
2024-01-29 10:51:01		doConnect()-PLC IP and Port No-	192.168.250.1 9600
2024-01-29 10:51:01		doConnect()-PLC IP and Port No-	192.168.250.1 9600
2024-01-29 11:03:15		doConnect()-PLC IP and Port No-	192.168.250.1 9600
2024-01-29 11:03:15		doConnect()-PLC IP and Port No-	192.168.250.1 9600
2024-01-29 11:11:53		doConnect()-PLC IP and Port No-	192.168.250.1 9600
2024-01-29 11:11:53		doConnect()-PLC IP and Port No-	192.168.250.1 9600
2024-01-29 11:12:58		doConnect()-PLC IP and Port No-	192.168.250.1 9600
2024-01-29 11:12:58		doConnect()-PLC IP and Port No-	192.168.250.1 9600
2024-01-29 11:18:30		doConnect()-PLC IP and Port No-	192.168.250.1 9600
2024-01-29 11:18:30		doConnect()-PLC IP and Port No-	192.168.250.1 9600
2024-01-29 11:18:36		readDeviceBlock-Read system Device Block Error Tagname =D201	No reponse from PLC. Ensure baud rate is correct.
2024-01-29 11:18:37		readDeviceBlock-Read system Device Block Error Tagname =D2201	No reponse from PLC. Ensure baud rate is correct.
2024-01-29 11:18:45		readDeviceBlock-Read system Device Block Error Tagname =D221	No reponse from PLC. Ensure baud rate is correct.
2024-01-29 11:18:45		readDeviceBlock-Read system Device Block Error Tagname =D2301	No reponse from PLC. Ensure baud rate is correct.
2024-01-29 11:18:45		readDeviceBlock-Read system Device Block Error Tagname =	Input string was not in a correct format.
2024-01-29 11:18:53		readDeviceBlock-Read system Device Block Error Tagname =D5161	No reponse from PLC. Ensure baud rate is correct.
2024-01-29 11:18:53		readDeviceBlock-Read system Device Block Error Tagname =D241	No reponse from PLC. Ensure baud rate is correct.
2024-01-29 11:19:01		readDeviceBlock-Read system Device Block Error Tagname =D5121	No reponse from PLC. Ensure baud rate is correct.
2024-01-29 11:19:01		readDeviceBlock-Read system Device Block Error Tagname =D261	No reponse from PLC. Ensure baud rate is correct.
2024-01-29 11:19:09		readDeviceBlock-Read system Device Block Error Tagname =D281	No reponse from PLC. Ensure baud rate is correct.
2024-01-29 11:19:09		readDeviceBlock-Read system Device Block Error Tagname =D5081	No reponse from PLC. Ensure baud rate is correct.
2024-01-29 11:19:09		readDeviceBlock-Read system Device Block Error Tagname =D5081	No reponse from PLC. Ensure baud rate is correct.
2024-01-29 11:19:10		readDeviceRandom() h71.1	Send Buffer is full, may have lost communication.
2024-01-29 11:19:10		readDeviceBlock-Read system Device Block Error Tagname =D321	Send Buffer is full, may have lost communication.
2024-01-29 11:19:10		readDeviceRandom() h73.1	Send Buffer is full, may have lost communication.
2024-01-29 11:19:10		readDeviceRandom() h75.1	Send Buffer is full, may have lost communication.
2024-01-29 11:19:10		readDeviceBlock-Read system Device Block Error Tagname =D3001	Send Buffer is full, may have lost communication.
2024-01-29 11:19:10		readDeviceRandom() h89.1	Send Buffer is full, may have lost communication.
2024-01-29 11:19:10		readDeviceBlock-Read system Device Block Error Tagname =D3181	Send Buffer is full, may have lost communication.
2024-01-29 11:19:10		readDeviceRandom() D5621	Send Buffer is full, may have lost communication.
2024-01-29 11:19:10		readDeviceBlock-Read system Device Block Error Tagname =D3121	Send Buffer is full, may have lost communication.
2024-01-29 11:19:10		ReadTag_RealValue()Error in reading :	Object reference not set to an instance of an object.
2024-01-29 11:19:10		readDeviceBlock-Read system Device Block Error Tagname =D3061	Send Buffer is full, may have lost communication.
2024-01-29 11:19:10		ReadTag_RealValue()PLC Communication failed. Retrying to connect	
2024-01-29 11:19:10		readDeviceBlock-Read system Device Block Error Tagname =D5041	Send Buffer is full, may have lost communication.
2024-01-29 11:19:10		doConnect()-PLC IP and Port No-	192.168.250.1 9600
2024-01-29 11:19:10		readDeviceBlock-Read system Device Block Error Tagname =D5401	Send Buffer is full, may have lost communication.
2024-01-29 11:19:10		readDeviceRandom() D807	Send Buffer is full, may have lost communication.
2024-01-29 11:19:10		readDeviceBlock-Read system Device Block Error Tagname =D5801	Send Buffer is full, may have lost communication.
2024-01-29 11:19:10		readDeviceBlock-Read system Device Block Error Tagname =D3181	Send Buffer is full, may have lost communication.
2024-01-29 11:19:10		readDeviceRandom() D6001	Send Buffer is full, may have lost communication.
2024-01-29 11:19:10		readDeviceBlock-Read system Device Block Error Tagname =D3121	Send Buffer is full, may have lost communication.
2024-01-29 11:19:10		ReadTag_RealValue()Error in reading :	Object reference not set to an instance of an object.
2024-01-29 11:19:10		ReadTagValue()-PLC Communication failed. Retrying to connect	
2024-01-29 11:19:10		readDeviceBlock-Read system Device Block Error Tagname =D5001	Send Buffer is full, may have lost communication.
2024-01-29 11:19:11		doConnect()-PLC IP and Port No-	192.168.250.1 9600
2024-01-29 11:19:11		readDeviceRandom() D807	Send Buffer is full, may have lost communication.
2024-01-29 11:19:11		readDeviceRandom() h121.1	Send Buffer is full, may have lost communication.
2024-01-29 11:19:11		readDeviceBlock-Read system Device Block Error Tagname =D5161	Send Buffer is full, may have lost communication.
2024-01-29 11:19:11		readDeviceRandom() h123.1	Send Buffer is full, may have lost communication.
2024-01-29 11:19:11		readDeviceRandom() h127.1	Send Buffer is full, may have lost communication.
2024-01-29 11:19:11		readDeviceBlock-Read system Device Block Error Tagname =D3901	Send Buffer is full, may have lost communication.
2024-01-29 11:19:11		readDeviceRandom() h125.1	Send Buffer is full, may have lost communication.
2024-01-29 11:19:11		readDeviceBlock-Read system Device Block Error Tagname =D3941	Send Buffer is full, may have lost communication.
2024-01-29 11:19:11		readDeviceRandom() D4001	Send Buffer is full, may have lost communication.
2024-01-29 11:19:11		readDeviceBlock-Read system Device Block Error Tagname =D3921	Send Buffer is full, may have lost communication.
2024-01-29 11:19:11		ReadTag_RealValue()Error in reading :	Object reference not set to an instance of an object.
2024-01-29 11:19:11		readDeviceRandom() D171	Send Buffer is full, may have lost communication.
2024-01-29 11:19:11		ReadTag_RealValue()PLC Communication failed. Retrying to connect	
2024-01-29 11:19:11		readDeviceRandom() D62	Send Buffer is full, may have lost communication.
2024-01-29 11:19:11		doConnect()-PLC IP and Port No-	192.168.250.1 9600
2024-01-29 11:19:11		readDeviceRandom() D1	Send Buffer is full, may have lost communication.
2024-01-29 11:19:11		readDeviceRandom() D4101	Send Buffer is full, may have lost communication.
2024-01-29 11:19:11		readDeviceRandom() D92	Send Buffer is full, may have lost communication.
2024-01-29 11:19:11		ReadTag_RealValue()Error in reading :	Object reference not set to an instance of an object.
2024-01-29 11:19:11		ReadTag_RealValue()PLC Communication failed. Retrying to connect	
2024-01-29 11:19:11		doConnect()-PLC IP and Port No-	192.168.250.1 9600
2024-01-29 11:19:12		readDeviceBlock-Read system Device Block Error Tagname =D3651	Send Buffer is full, may have lost communication.
2024-01-29 11:19:12		readDeviceBlock-Read system Device Block Error Tagname =D201	Send Buffer is full, may have lost communication.
2024-01-29 11:19:12		readDeviceBlock-Read system Device Block Error Tagname =D3601	The process cannot access the file 'D:\Project\Star Fasteners\IndiSCADA\IndiSCADA-ST\bin\Debug\DriverErrorLog.log' because it is being used by another process.
2024-01-29 11:19:12		readDeviceBlock-Read system Device Block Error Tagname =D221	Send Buffer is full, may have lost communication.
2024-01-29 11:19:12		readDeviceRandom() D3701	Send Buffer is full, may have lost communication.
2024-01-29 11:19:12		readDeviceBlock-Read system Device Block Error Tagname =D241	Send Buffer is full, may have lost communication.
2024-01-29 11:19:12		ReadTag_RealValue()Error in reading :	Object reference not set to an instance of an object.
2024-01-29 11:19:12		readDeviceBlock-Read system Device Block Error Tagname =D261	Send Buffer is full, may have lost communication.
2024-01-29 11:19:12		ReadTagValue()-PLC Communication failed. Retrying to connect	
2024-01-29 11:19:12		doConnect()-PLC IP and Port No-	192.168.250.1 9600
2024-01-29 11:19:12		readDeviceBlock-Read system Device Block Error Tagname =D281	Send Buffer is full, may have lost communication.
2024-01-29 11:19:12		readDeviceRandom() D3901	Send Buffer is full, may have lost communication.
2024-01-29 11:19:12		readDeviceBlock-Read system Device Block Error Tagname =D301	Send Buffer is full, may have lost communication.
2024-01-29 11:19:13		readDeviceBlock-Read system Device Block Error Tagname =D3941	Send Buffer is full, may have lost communication.
2024-01-29 11:19:13		readDeviceBlock-Read system Device Block Error Tagname =D321	Send Buffer is full, may have lost communication.
2024-01-29 11:19:13		readDeviceBlock-Read system Device Block Error Tagname =D3001	Send Buffer is full, may have lost communication.
2024-01-29 11:19:13		readDeviceBlock-Read system Device Block Error Tagname =D3921	Send Buffer is full, may have lost communication.
2024-01-29 11:19:13		readDeviceBlock-Read system Device Block Error Tagname =D3181	Send Buffer is full, may have lost communication.
2024-01-29 11:19:13		readDeviceRandom() d1001	Send Buffer is full, may have lost communication.
2024-01-29 11:19:13		readDeviceBlock-Read system Device Block Error Tagname =D3121	Send Buffer is full, may have lost communication.
2024-01-29 11:19:13		readDeviceBlock-Read system Device Block Error Tagname =D3121	Send Buffer is full, may have lost communication.
2024-01-29 11:19:13		readDeviceBlock-Read system Device Block Error Tagname =D3061	Send Buffer is full, may have lost communication.
2024-01-29 11:19:13		ReadTag_WordValue()-PLC Communication failed. Retrying to connect	
2024-01-29 11:19:13		readDeviceBlock-Read system Device Block Error Tagname =D5041	Send Buffer is full, may have lost communication.
2024-01-29 11:19:13		doConnect()-PLC IP and Port No-	192.168.250.1 9600
2024-01-29 11:19:13		readDeviceRandom() d1037	Send Buffer is full, may have lost communication.
2024-01-29 11:19:13		readDeviceRandom() d1037	Send Buffer is full, may have lost communication.
2024-01-29 11:19:13		ReadTag_WordValue()-Error in reading :	Object reference not set to an instance of an object.
2024-01-29 11:19:13		readDeviceBlock-Read system Device Block Error Tagname =D5801	Send Buffer is full, may have lost communication.
2024-01-29 11:19:13		ReadTag_WordValue()-PLC Communication failed. Retrying to connect	
2024-01-29 11:19:13		ReadTag_RealValue()PLC Communication failed. Retrying to connect	
2024-01-29 11:19:13		doConnect()-PLC IP and Port No-	192.168.250.1 9600
2024-01-29 11:19:13		doConnect()-PLC IP and Port No-	192.168.250.1 9600
2024-01-29 11:19:13		doConnect()-PLC IP and Port No-	192.168.250.1 9600
2024-01-29 11:19:14		readDeviceBlock-Read system Device Block Error Tagname =D5001	Send Buffer is full, may have lost communication.
2024-01-29 11:19:14		ReadTag_WordValue()-Error in reading :	Object reference not set to an instance of an object.
2024-01-29 11:19:14		ReadTag_WordValue()-PLC Communication failed. Retrying to connect	
2024-01-29 11:19:14		readDeviceRandom() D807	Send Buffer is full, may have lost communication.
2024-01-29 11:19:14		doConnect()-PLC IP and Port No-	192.168.250.1 9600
2024-01-29 11:19:14		readDeviceBlock-Read system Device Block Error Tagname =D5161	Send Buffer is full, may have lost communication.
2024-01-29 11:19:14		readDeviceBlock-Read system Device Block Error Tagname =D3901	Send Buffer is full, may have lost communication.
2024-01-29 11:19:14		readDeviceRandom() d1117	The process cannot access the file 'D:\Project\Star Fasteners\IndiSCADA\IndiSCADA-ST\bin\Debug\DriverErrorLog.log' because it is being used by another process.
2024-01-29 11:19:14		ReadTag_WordValue()-Error in reading :	Object reference not set to an instance of an object.
2024-01-29 11:19:14		readDeviceBlock-Read system Device Block Error Tagname =D3941	Send Buffer is full, may have lost communication.
2024-01-29 11:19:14		ReadTagValue()-PLC Communication failed. Retrying to connect	
2024-01-29 11:19:14		readDeviceBlock-Read system Device Block Error Tagname =D3921	Send Buffer is full, may have lost communication.
2024-01-29 11:19:14		readDeviceRandom() D171	Send Buffer is full, may have lost communication.
2024-01-29 11:19:14		doConnect()-PLC IP and Port No-	192.168.250.1 9600
2024-01-29 11:19:14		readDeviceRandom() D62	Send Buffer is full, may have lost communication.
2024-01-29 11:19:14		readDeviceRandom() h60.1	Send Buffer is full, may have lost communication.
2024-01-29 11:19:14		readDeviceRandom() D1	Send Buffer is full, may have lost communication.
2024-01-29 11:19:14		readDeviceRandom() D92	Send Buffer is full, may have lost communication.
2024-01-29 11:19:14		readDeviceRandom() h98.0	Send Buffer is full, may have lost communication.
2024-01-29 11:19:14		readDeviceRandom() h108.0	Send Buffer is full, may have lost communication.
2024-01-29 11:19:14		readDeviceRandom() h118.0	Send Buffer is full, may have lost communication.
2024-01-29 11:19:14		readDeviceRandom() h67.5	Send Buffer is full, may have lost communication.
2024-01-29 11:19:14		readDeviceRandom() h99.6	Send Buffer is full, may have lost communication.
2024-01-29 11:19:14		readDeviceRandom() h109.6	Send Buffer is full, may have lost communication.
2024-01-29 11:19:14		readDeviceRandom() h119.6	Send Buffer is full, may have lost communication.
2024-01-29 11:19:14		readDeviceRandom() h81.1	Send Buffer is full, may have lost communication.
2024-01-29 11:19:14		readDeviceRandom() H101.1	Send Buffer is full, may have lost communication.
2024-01-29 11:19:14		readDeviceBlock-Read system Device Block Error Tagname =D201	Send Buffer is full, may have lost communication.
2024-01-29 11:19:14		readDeviceBlock-Read system Device Block Error Tagname =D221	Send Buffer is full, may have lost communication.
2024-01-29 11:19:14		readDeviceRandom() h91.1	Send Buffer is full, may have lost communication.
2024-01-29 11:19:14		readDeviceBlock-Read system Device Block Error Tagname =D241	Send Buffer is full, may have lost communication.
2024-01-29 11:19:15		readDeviceBlock-Read system Device Block Error Tagname =D261	Send Buffer is full, may have lost communication.
2024-01-29 11:19:15		readDeviceBlock-Read system Device Block Error Tagname =D281	Send Buffer is full, may have lost communication.
2024-01-29 11:19:15		readDeviceBlock-Read system Device Block Error Tagname =D301	Send Buffer is full, may have lost communication.
2024-01-29 11:19:15		readDeviceBlock-Read system Device Block Error Tagname =D321	Send Buffer is full, may have lost communication.
2024-01-29 11:19:15		readDeviceBlock-Read system Device Block Error Tagname =D3001	Send Buffer is full, may have lost communication.
2024-01-29 11:19:15		readDeviceBlock-Read system Device Block Error Tagname =D3181	Send Buffer is full, may have lost communication.
2024-01-29 11:19:15		readDeviceBlock-Read system Device Block Error Tagname =D3121	Send Buffer is full, may have lost communication.
2024-01-29 11:19:15		readDeviceBlock-Read system Device Block Error Tagname =D3061	Send Buffer is full, may have lost communication.
2024-01-29 11:19:15		readDeviceBlock-Read system Device Block Error Tagname =D5041	Send Buffer is full, may have lost communication.
2024-01-29 11:19:15		readDeviceBlock-Read system Device Block Error Tagname =D5401	Send Buffer is full, may have lost communication.
2024-01-29 11:19:15		readDeviceBlock-Read system Device Block Error Tagname =D5801	Send Buffer is full, may have lost communication.
2024-01-29 11:19:15		readDeviceRandom() D6001	Send Buffer is full, may have lost communication.
2024-01-29 11:19:15		ReadTag_RealValue()Error in reading :	Object reference not set to an instance of an object.
2024-01-29 11:19:15		readDeviceBlock-Read system Device Block Error Tagname =D5001	Send Buffer is full, may have lost communication.
2024-01-29 11:19:15		readDeviceRandom() D807	Send Buffer is full, may have lost communication.
2024-01-29 11:19:15		readDeviceBlock-Read system Device Block Error Tagname =D5161	Send Buffer is full, may have lost communication.
2024-01-29 11:19:15		doConnect()-PLC IP and Port No-	192.168.250.1 9600
2024-01-29 11:19:16		readDeviceBlock-Read system Device Block Error Tagname =D201	Send Buffer is full, may have lost communication.
2024-01-29 11:19:16		readDeviceBlock-Read system Device Block Error Tagname =D221	Send Buffer is full, may have lost communication.
2024-01-29 11:19:16		readDeviceBlock-Read system Device Block Error Tagname =D241	Send Buffer is full, may have lost communication.
2024-01-29 11:19:16		readDeviceBlock-Read system Device Block Error Tagname =D261	Send Buffer is full, may have lost communication.
2024-01-29 11:19:16		readDeviceBlock-Read system Device Block Error Tagname =D281	Send Buffer is full, may have lost communication.
2024-01-29 11:19:16		readDeviceBlock-Read system Device Block Error Tagname =D301	Send Buffer is full, may have lost communication.
2024-01-29 11:19:16		readDeviceBlock-Read system Device Block Error Tagname =D321	Send Buffer is full, may have lost communication.
2024-01-29 11:19:16		readDeviceBlock-Read system Device Block Error Tagname =D3001	Send Buffer is full, may have lost communication.
2024-01-29 11:19:16		readDeviceBlock-Read system Device Block Error Tagname =D3181	Send Buffer is full, may have lost communication.
2024-01-29 11:19:16		readDeviceBlock-Read system Device Block Error Tagname =D3121	Send Buffer is full, may have lost communication.
2024-01-29 11:19:16		readDeviceBlock-Read system Device Block Error Tagname =D3061	Send Buffer is full, may have lost communication.
2024-01-29 11:19:17		readDeviceBlock-Read system Device Block Error Tagname =D5041	Send Buffer is full, may have lost communication.
2024-01-29 11:19:17		readDeviceBlock-Read system Device Block Error Tagname =D5401	Send Buffer is full, may have lost communication.
2024-01-29 11:19:17		readDeviceBlock-Read system Device Block Error Tagname =D5801	Send Buffer is full, may have lost communication.
2024-01-29 11:19:17		readDeviceRandom() D6001	Send Buffer is full, may have lost communication.
2024-01-29 11:19:17		ReadTag_RealValue()Error in reading :	Object reference not set to an instance of an object.
2024-01-29 11:19:17		readDeviceBlock-Read system Device Block Error Tagname =D5001	Send Buffer is full, may have lost communication.
2024-01-29 11:19:17		readDeviceRandom() D807	Send Buffer is full, may have lost communication.
2024-01-29 11:19:17		readDeviceBlock-Read system Device Block Error Tagname =D5161	Send Buffer is full, may have lost communication.
2024-01-29 11:19:17		readDeviceBlock-Read system Device Block Error Tagname =D3901	Send Buffer is full, may have lost communication.
2024-01-29 11:19:17		doConnect()-PLC IP and Port No-	192.168.250.1 9600
2024-01-29 11:19:17		doConnect()-PLC IP and Port No-	192.168.250.1 9600
2024-01-29 11:19:19		readDeviceBlock-Read system Device Block Error Tagname =D221	Send Buffer is full, may have lost communication.
2024-01-29 11:19:19		readDeviceBlock-Read system Device Block Error Tagname =D241	Send Buffer is full, may have lost communication.
2024-01-29 11:19:19		readDeviceBlock-Read system Device Block Error Tagname =D261	Send Buffer is full, may have lost communication.
2024-01-29 11:19:19		readDeviceBlock-Read system Device Block Error Tagname =D281	Send Buffer is full, may have lost communication.
2024-01-29 11:19:19		readDeviceBlock-Read system Device Block Error Tagname =D301	Send Buffer is full, may have lost communication.
2024-01-29 11:19:19		readDeviceBlock-Read system Device Block Error Tagname =D321	Send Buffer is full, may have lost communication.
2024-01-29 11:19:20		readDeviceBlock-Read system Device Block Error Tagname =D3001	Send Buffer is full, may have lost communication.
2024-01-29 11:19:20		readDeviceBlock-Read system Device Block Error Tagname =D3181	Send Buffer is full, may have lost communication.
2024-01-29 11:19:20		readDeviceBlock-Read system Device Block Error Tagname =D3121	Send Buffer is full, may have lost communication.
2024-01-29 11:19:20		readDeviceBlock-Read system Device Block Error Tagname =D3061	Send Buffer is full, may have lost communication.
2024-01-29 11:19:20		readDeviceBlock-Read system Device Block Error Tagname =D5041	Send Buffer is full, may have lost communication.
2024-01-29 11:19:20		readDeviceBlock-Read system Device Block Error Tagname =D5041	Send Buffer is full, may have lost communication.
2024-01-29 11:19:20		readDeviceBlock-Read system Device Block Error Tagname =D5801	Send Buffer is full, may have lost communication.
2024-01-29 11:19:20		readDeviceRandom() D6001	Send Buffer is full, may have lost communication.
2024-01-29 11:19:21		ReadTag_RealValue()Error in reading :	Object reference not set to an instance of an object.
2024-01-29 11:19:21		readDeviceBlock-Read system Device Block Error Tagname =D5001	Send Buffer is full, may have lost communication.
2024-01-29 11:19:21		readDeviceRandom() D807	Send Buffer is full, may have lost communication.
2024-01-29 11:19:21		readDeviceBlock-Read system Device Block Error Tagname =D5161	Send Buffer is full, may have lost communication.
2024-01-29 11:19:21		readDeviceBlock-Read system Device Block Error Tagname =D3901	Send Buffer is full, may have lost communication.
2024-01-29 11:19:21		readDeviceBlock-Read system Device Block Error Tagname =D3941	Send Buffer is full, may have lost communication.
2024-01-29 11:19:21		readDeviceBlock-Read system Device Block Error Tagname =D3921	Send Buffer is full, may have lost communication.
2024-01-29 11:19:21		readDeviceRandom() D171	Send Buffer is full, may have lost communication.
2024-01-29 11:19:21		readDeviceRandom() D62	Send Buffer is full, may have lost communication.
2024-01-29 11:19:21		readDeviceRandom() D1	Send Buffer is full, may have lost communication.
2024-01-29 11:19:21		readDeviceRandom() D92	Send Buffer is full, may have lost communication.
2024-01-29 11:19:21		doConnect()-PLC IP and Port No-	192.168.250.1 9600
2024-01-29 11:19:21		readDeviceBlock-Read system Device Block Error Tagname =D201	Send Buffer is full, may have lost communication.
2024-01-29 11:19:21		readDeviceBlock-Read system Device Block Error Tagname =D221	Send Buffer is full, may have lost communication.
2024-01-29 11:19:21		readDeviceBlock-Read system Device Block Error Tagname =D241	Send Buffer is full, may have lost communication.
2024-01-29 11:19:21		readDeviceBlock-Read system Device Block Error Tagname =D261	Send Buffer is full, may have lost communication.
2024-01-29 11:19:21		readDeviceBlock-Read system Device Block Error Tagname =D281	Send Buffer is full, may have lost communication.
2024-01-29 11:19:21		readDeviceBlock-Read system Device Block Error Tagname =D301	Send Buffer is full, may have lost communication.
2024-01-29 11:19:21		readDeviceBlock-Read system Device Block Error Tagname =D321	Send Buffer is full, may have lost communication.
2024-01-29 11:19:21		readDeviceBlock-Read system Device Block Error Tagname =D3001	Send Buffer is full, may have lost communication.
2024-01-29 11:19:22		readDeviceBlock-Read system Device Block Error Tagname =D3181	Send Buffer is full, may have lost communication.
2024-01-29 11:19:22		readDeviceBlock-Read system Device Block Error Tagname =D3121	Send Buffer is full, may have lost communication.
2024-01-29 11:19:22		readDeviceBlock-Read system Device Block Error Tagname =D3061	Send Buffer is full, may have lost communication.
2024-01-29 11:19:22		readDeviceBlock-Read system Device Block Error Tagname =D5041	Send Buffer is full, may have lost communication.
2024-01-29 11:19:22		readDeviceBlock-Read system Device Block Error Tagname =D5401	Send Buffer is full, may have lost communication.
2024-01-29 11:19:22		readDeviceBlock-Read system Device Block Error Tagname =D5801	Send Buffer is full, may have lost communication.
2024-01-29 11:19:22		readDeviceRandom() D6001	Send Buffer is full, may have lost communication.
2024-01-29 11:19:22		ReadTag_RealValue()Error in reading :	Object reference not set to an instance of an object.
2024-01-29 11:19:23		readDeviceBlock-Read system Device Block Error Tagname =D5001	Send Buffer is full, may have lost communication.
2024-01-29 11:19:23		readDeviceRandom() D807	Send Buffer is full, may have lost communication.
2024-01-29 11:19:23		readDeviceBlock-Read system Device Block Error Tagname =D5161	Send Buffer is full, may have lost communication.
2024-01-29 11:19:23		readDeviceBlock-Read system Device Block Error Tagname =D3901	Send Buffer is full, may have lost communication.
2024-01-29 11:19:23		readDeviceBlock-Read system Device Block Error Tagname =D3941	Send Buffer is full, may have lost communication.
2024-01-29 11:19:23		readDeviceBlock-Read system Device Block Error Tagname =D3921	Send Buffer is full, may have lost communication.
2024-01-29 11:19:23		readDeviceRandom() D171	Send Buffer is full, may have lost communication.
2024-01-29 11:19:23		readDeviceRandom() D171	Send Buffer is full, may have lost communication.
2024-01-29 11:19:23		readDeviceRandom() D1	Send Buffer is full, may have lost communication.
2024-01-29 11:19:23		readDeviceRandom() D92	Send Buffer is full, may have lost communication.
2024-01-29 11:19:23		doConnect()-PLC IP and Port No-	192.168.250.1 9600
2024-01-29 11:19:24		readDeviceBlock-Read system Device Block Error Tagname =D201	Send Buffer is full, may have lost communication.
2024-01-29 11:19:24		readDeviceBlock-Read system Device Block Error Tagname =D221	Send Buffer is full, may have lost communication.
2024-01-29 11:19:24		readDeviceBlock-Read system Device Block Error Tagname =D241	Send Buffer is full, may have lost communication.
2024-01-29 11:19:24		readDeviceBlock-Read system Device Block Error Tagname =D261	Send Buffer is full, may have lost communication.
2024-01-29 11:19:24		readDeviceBlock-Read system Device Block Error Tagname =D281	Send Buffer is full, may have lost communication.
2024-01-29 11:19:24		readDeviceBlock-Read system Device Block Error Tagname =D301	Send Buffer is full, may have lost communication.
2024-01-29 11:19:24		readDeviceBlock-Read system Device Block Error Tagname =D321	Send Buffer is full, may have lost communication.
2024-01-29 11:19:24		readDeviceBlock-Read system Device Block Error Tagname =D3001	Send Buffer is full, may have lost communication.
2024-01-29 11:19:24		readDeviceBlock-Read system Device Block Error Tagname =D3181	Send Buffer is full, may have lost communication.
2024-01-29 11:19:24		readDeviceBlock-Read system Device Block Error Tagname =D3121	Send Buffer is full, may have lost communication.
2024-01-29 11:19:24		readDeviceBlock-Read system Device Block Error Tagname =D3121	Send Buffer is full, may have lost communication.
2024-01-29 11:19:24		readDeviceBlock-Read system Device Block Error Tagname =D3061	Send Buffer is full, may have lost communication.
2024-01-29 11:19:24		readDeviceBlock-Read system Device Block Error Tagname =D5041	Send Buffer is full, may have lost communication.
2024-01-29 11:19:24		readDeviceBlock-Read system Device Block Error Tagname =D5401	Send Buffer is full, may have lost communication.
2024-01-29 11:19:24		readDeviceBlock-Read system Device Block Error Tagname =D5801	Send Buffer is full, may have lost communication.
2024-01-29 11:19:24		readDeviceRandom() D6001	Send Buffer is full, may have lost communication.
2024-01-29 11:19:24		ReadTag_RealValue()Error in reading :	Object reference not set to an instance of an object.
2024-01-29 11:19:24		readDeviceBlock-Read system Device Block Error Tagname =D5001	Send Buffer is full, may have lost communication.
2024-01-29 11:19:25		readDeviceRandom() D807	Send Buffer is full, may have lost communication.
2024-01-29 11:19:25		readDeviceBlock-Read system Device Block Error Tagname =D5161	Send Buffer is full, may have lost communication.
2024-01-29 11:19:25		doConnect()-PLC IP and Port No-	192.168.250.1 9600
2024-01-29 11:19:25		readDeviceBlock-Read system Device Block Error Tagname =D201	Send Buffer is full, may have lost communication.
2024-01-29 11:19:25		readDeviceBlock-Read system Device Block Error Tagname =D221	Send Buffer is full, may have lost communication.
2024-01-29 11:19:25		readDeviceBlock-Read system Device Block Error Tagname =D241	Send Buffer is full, may have lost communication.
2024-01-29 11:19:25		readDeviceBlock-Read system Device Block Error Tagname =D261	Send Buffer is full, may have lost communication.
2024-01-29 11:19:25		readDeviceBlock-Read system Device Block Error Tagname =D281	Send Buffer is full, may have lost communication.
2024-01-29 11:19:25		readDeviceBlock-Read system Device Block Error Tagname =D301	Send Buffer is full, may have lost communication.
2024-01-29 11:19:25		readDeviceBlock-Read system Device Block Error Tagname =D321	Send Buffer is full, may have lost communication.
2024-01-29 11:19:25		readDeviceBlock-Read system Device Block Error Tagname =D321	Send Buffer is full, may have lost communication.
2024-01-29 11:19:25		readDeviceBlock-Read system Device Block Error Tagname =D3181	Send Buffer is full, may have lost communication.
2024-01-29 11:19:25		readDeviceBlock-Read system Device Block Error Tagname =D3181	Send Buffer is full, may have lost communication.
2024-01-29 11:19:25		readDeviceBlock-Read system Device Block Error Tagname =D3061	Send Buffer is full, may have lost communication.
2024-01-29 11:19:25		readDeviceBlock-Read system Device Block Error Tagname =D5041	Send Buffer is full, may have lost communication.
2024-01-29 11:19:25		readDeviceBlock-Read system Device Block Error Tagname =D5401	Send Buffer is full, may have lost communication.
2024-01-29 11:19:25		readDeviceBlock-Read system Device Block Error Tagname =D5801	Send Buffer is full, may have lost communication.
2024-01-29 11:19:25		readDeviceRandom() D6001	Send Buffer is full, may have lost communication.
2024-01-29 11:19:25		readDeviceRandom() D6001	Send Buffer is full, may have lost communication.
2024-01-29 11:19:25		readDeviceBlock-Read system Device Block Error Tagname =D5001	Send Buffer is full, may have lost communication.
2024-01-29 11:19:25		readDeviceBlock-Read system Device Block Error Tagname =D5001	Send Buffer is full, may have lost communication.
2024-01-29 11:19:26		readDeviceBlock-Read system Device Block Error Tagname =D201	Send Buffer is full, may have lost communication.
2024-01-29 11:19:26		readDeviceBlock-Read system Device Block Error Tagname =D221	Send Buffer is full, may have lost communication.
2024-01-29 11:19:26		readDeviceBlock-Read system Device Block Error Tagname =D241	Send Buffer is full, may have lost communication.
2024-01-29 11:19:26		readDeviceBlock-Read system Device Block Error Tagname =D261	Send Buffer is full, may have lost communication.
2024-01-29 11:19:26		readDeviceBlock-Read system Device Block Error Tagname =D281	Send Buffer is full, may have lost communication.
2024-01-29 11:19:26		readDeviceBlock-Read system Device Block Error Tagname =D301	Send Buffer is full, may have lost communication.
2024-01-29 11:19:26		readDeviceBlock-Read system Device Block Error Tagname =D301	Send Buffer is full, may have lost communication.
2024-01-29 11:19:26		readDeviceBlock-Read system Device Block Error Tagname =D321	Send Buffer is full, may have lost communication.
2024-01-29 11:19:36		doConnect()-PLC IP and Port No-	192.168.250.1 9600
2024-01-29 11:19:36		doConnect()-PLC IP and Port No-	192.168.250.1 9600
2024-01-29 11:19:42		readDeviceBlock-Read system Device Block Error Tagname =D201	No reponse from PLC. Ensure baud rate is correct.
2024-01-29 11:19:42		readDeviceBlock-Read system Device Block Error Tagname =D2201	No reponse from PLC. Ensure baud rate is correct.
2024-01-29 11:19:50		readDeviceBlock-Read system Device Block Error Tagname =D221	No reponse from PLC. Ensure baud rate is correct.
2024-01-29 11:19:50		readDeviceBlock-Read system Device Block Error Tagname =D2301	No reponse from PLC. Ensure baud rate is correct.
2024-01-29 11:19:50		readDeviceBlock-Read system Device Block Error Tagname =	Input string was not in a correct format.
2024-01-29 11:19:58		readDeviceBlock-Read system Device Block Error Tagname =D5161	No reponse from PLC. Ensure baud rate is correct.
2024-01-29 11:19:58		readDeviceBlock-Read system Device Block Error Tagname =D241	No reponse from PLC. Ensure baud rate is correct.
2024-01-29 11:20:06		readDeviceBlock-Read system Device Block Error Tagname =D261	No reponse from PLC. Ensure baud rate is correct.
2024-01-29 11:20:06		readDeviceBlock-Read system Device Block Error Tagname =D5121	No reponse from PLC. Ensure baud rate is correct.
2024-01-29 11:20:15		readDeviceBlock-Read system Device Block Error Tagname =D5081	No reponse from PLC. Ensure baud rate is correct.
2024-01-29 11:20:15		readDeviceBlock-Read system Device Block Error Tagname =D281	No reponse from PLC. Ensure baud rate is correct.
2024-01-29 11:20:15		readDeviceRandom() h71.1	Send Buffer is full, may have lost communication.
2024-01-29 11:20:15		readDeviceBlock-Read system Device Block Error Tagname =D301	Send Buffer is full, may have lost communication.
2024-01-29 11:20:15		readDeviceRandom() h73.1	Send Buffer is full, may have lost communication.
2024-01-29 11:20:15		readDeviceBlock-Read system Device Block Error Tagname =D321	Send Buffer is full, may have lost communication.
2024-01-29 11:20:27		doConnect()-PLC IP and Port No-	192.168.250.1 9600
2024-01-29 11:20:27		doConnect()-PLC IP and Port No-	192.168.250.1 9600
2024-01-29 11:23:01		doConnect()-PLC IP and Port No-	192.168.250.1 9600
2024-01-29 11:23:01		doConnect()-PLC IP and Port No-	192.168.250.1 9600
