2024-03-11 13:25:52		doConnect()-PLC IP and Port No-	192.168.250.1 9600
2024-03-11 13:25:52		doConnect()-PLC IP and Port No-	192.168.250.1 9600
2024-03-11 13:26:14		readDeviceBlock-Read system Device Block Error Tagname =D201	No reponse from PLC. Ensure baud rate is correct.
2024-03-11 13:26:14		readDeviceBlock-Read system Device Block Error Tagname =D2201	No reponse from PLC. Ensure baud rate is correct.
2024-03-11 13:26:14		readDeviceRandom() D92	No reponse from PLC. Ensure baud rate is correct.
2024-03-11 13:26:16		readDeviceRandom() h126.2	No reponse from PLC. Ensure baud rate is correct.
2024-03-11 13:26:17		readDeviceBlock-Read system Device Block Error Tagname =D221	No reponse from PLC. Ensure baud rate is correct.
2024-03-11 13:26:17		readDeviceBlock-Read system Device Block Error Tagname =D2301	No reponse from PLC. Ensure baud rate is correct.
2024-03-11 13:26:18		readDeviceBlock-Read system Device Block Error Tagname =	Input string was not in a correct format.
2024-03-11 13:26:18		readDeviceRandom() h0.2	No reponse from PLC. Ensure baud rate is correct.
2024-03-11 13:26:19		readDeviceRandom() h0.2	Send Buffer is full, may have lost communication.
2024-03-11 13:26:19		readDeviceRandom() D92	No reponse from PLC. Ensure baud rate is correct.
2024-03-11 13:26:19		readDeviceRandom() h0.3	Send Buffer is full, may have lost communication.
2024-03-11 13:26:20		readDeviceRandom() D92	Send Buffer is full, may have lost communication.
2024-03-11 13:26:20		readDeviceRandom() h0.3	Send Buffer is full, may have lost communication.
2024-03-11 13:26:21		readDeviceBlock-Read system Device Block Error Tagname =D241	No reponse from PLC. Ensure baud rate is correct.
2024-03-11 13:26:22		readDeviceBlock-Read system Device Block Error Tagname =D5161	No reponse from PLC. Ensure baud rate is correct.
2024-03-11 13:26:22		readDeviceRandom() h0.0	Send Buffer is full, may have lost communication.
2024-03-11 13:26:22		readDeviceBlock-Read system Device Block Error Tagname =D261	The process cannot access the file 'F:\SCADA Projects\StarFastener\IndiSCADA\IndiSCADA-ST\bin\Debug\DriverErrorLog.log' because it is being used by another process.
2024-03-11 13:26:22		readDeviceRandom() h0.3	Send Buffer is full, may have lost communication.
2024-03-11 13:26:22		readDeviceRandom() h0.0	Send Buffer is full, may have lost communication.
2024-03-11 13:26:22		readDeviceBlock-Read system Device Block Error Tagname =D5121	Send Buffer is full, may have lost communication.
2024-03-11 13:26:23		readDeviceBlock-Read system Device Block Error Tagname =D281	Send Buffer is full, may have lost communication.
2024-03-11 13:26:23		readDeviceRandom() h0.3	Send Buffer is full, may have lost communication.
2024-03-11 13:26:23		readDeviceRandom() h1.6	Send Buffer is full, may have lost communication.
2024-03-11 13:26:24		readDeviceBlock-Read system Device Block Error Tagname =D301	Send Buffer is full, may have lost communication.
2024-03-11 13:26:24		readDeviceBlock-Read system Device Block Error Tagname =D5081	Send Buffer is full, may have lost communication.
2024-03-11 13:26:24		readDeviceRandom() h1.0	Send Buffer is full, may have lost communication.
2024-03-11 13:26:24		readDeviceRandom() h1.0	Send Buffer is full, may have lost communication.
2024-03-11 13:26:24		readDeviceRandom() h71.1	The process cannot access the file 'F:\SCADA Projects\StarFastener\IndiSCADA\IndiSCADA-ST\bin\Debug\DriverErrorLog.log' because it is being used by another process.
2024-03-11 13:26:24		readDeviceBlock-Read system Device Block Error Tagname =D321	Send Buffer is full, may have lost communication.
2024-03-11 13:26:25		readDeviceRandom() h1.0	Send Buffer is full, may have lost communication.
2024-03-11 13:26:25		readDeviceRandom() h1.0	Send Buffer is full, may have lost communication.
2024-03-11 13:26:25		readDeviceRandom() h1.0	Send Buffer is full, may have lost communication.
2024-03-11 13:26:25		readDeviceRandom() h73.1	Send Buffer is full, may have lost communication.
2024-03-11 13:26:25		readDeviceRandom() h3.6	Send Buffer is full, may have lost communication.
2024-03-11 13:26:25		readDeviceBlock-Read system Device Block Error Tagname =D3181	Send Buffer is full, may have lost communication.
2024-03-11 13:26:25		readDeviceRandom() h1.0	Send Buffer is full, may have lost communication.
2024-03-11 13:26:26		readDeviceRandom() h75.1	Send Buffer is full, may have lost communication.
2024-03-11 13:26:26		readDeviceRandom() h3.0	Send Buffer is full, may have lost communication.
2024-03-11 13:26:26		readDeviceRandom() h1.0	The process cannot access the file 'F:\SCADA Projects\StarFastener\IndiSCADA\IndiSCADA-ST\bin\Debug\DriverErrorLog.log' because it is being used by another process.
2024-03-11 13:26:26		readDeviceBlock-Read system Device Block Error Tagname =D3121	Send Buffer is full, may have lost communication.
2024-03-11 13:26:26		readDeviceRandom() h89.1	Send Buffer is full, may have lost communication.
2024-03-11 13:26:26		readDeviceBlock-Read system Device Block Error Tagname =D3061	Send Buffer is full, may have lost communication.
2024-03-11 13:26:26		readDeviceRandom() h3.0	Send Buffer is full, may have lost communication.
2024-03-11 13:26:27		readDeviceRandom() h1.0	Send Buffer is full, may have lost communication.
2024-03-11 13:26:27		readDeviceRandom() D5621	The process cannot access the file 'F:\SCADA Projects\StarFastener\IndiSCADA\IndiSCADA-ST\bin\Debug\DriverErrorLog.log' because it is being used by another process.
2024-03-11 13:26:27		readDeviceRandom() h5.6	Send Buffer is full, may have lost communication.
2024-03-11 13:26:27		readDeviceBlock-Read system Device Block Error Tagname =D5041	Send Buffer is full, may have lost communication.
2024-03-11 13:26:27		ReadTag_RealValue()Error in reading :	Object reference not set to an instance of an object.
2024-03-11 13:26:27		readDeviceRandom() h5.0	Send Buffer is full, may have lost communication.
2024-03-11 13:26:27		readDeviceRandom() h1.0	Send Buffer is full, may have lost communication.
2024-03-11 13:26:28		ReadTag_RealValue()PLC Communication failed. Retrying to connect	
2024-03-11 13:26:27		readDeviceBlock-Read system Device Block Error Tagname =D5401	Send Buffer is full, may have lost communication.
2024-03-11 13:26:28		ReadTagValue()-PLC Communication failed. Retrying to connect	
2024-03-11 13:26:28		readDeviceRandom() h5.0	Send Buffer is full, may have lost communication.
2024-03-11 13:26:30		doConnect()-PLC IP and Port No-	192.168.250.1 9600
2024-03-11 13:26:30		doConnect()-PLC IP and Port No-	192.168.250.1 9600
2024-03-11 13:26:30		readDeviceRandom() D807	Send Buffer is full, may have lost communication.
2024-03-11 13:26:30		doConnect()-PLC IP and Port No-	192.168.250.1 9600
2024-03-11 13:26:30		ReadTag_RealValue()PLC Communication failed. Retrying to connect	
2024-03-11 13:26:30		readDeviceRandom() h7.6	Send Buffer is full, may have lost communication.
2024-03-11 13:26:31		ReadTagValue()-PLC Communication failed. Retrying to connect	
2024-03-11 13:31:46		doConnect()-PLC IP and Port No-	192.168.250.1 9600
2024-03-11 13:31:47		doConnect()-PLC IP and Port No-	192.168.250.1 9600
2024-03-11 13:32:08		readDeviceBlock-Read system Device Block Error Tagname =D201	No reponse from PLC. Ensure baud rate is correct.
2024-03-11 13:32:09		readDeviceBlock-Read system Device Block Error Tagname =D2201	No reponse from PLC. Ensure baud rate is correct.
2024-03-11 13:32:09		readDeviceRandom() D92	No reponse from PLC. Ensure baud rate is correct.
2024-03-11 13:32:12		readDeviceBlock-Read system Device Block Error Tagname =D221	No reponse from PLC. Ensure baud rate is correct.
2024-03-11 13:32:12		readDeviceBlock-Read system Device Block Error Tagname =D2301	No reponse from PLC. Ensure baud rate is correct.
2024-03-11 13:32:12		readDeviceBlock-Read system Device Block Error Tagname =	Input string was not in a correct format.
2024-03-11 13:32:12		readDeviceRandom() h126.2	No reponse from PLC. Ensure baud rate is correct.
2024-03-11 13:32:14		readDeviceRandom() D92	No reponse from PLC. Ensure baud rate is correct.
2024-03-11 13:32:14		readDeviceRandom() D92	Send Buffer is full, may have lost communication.
2024-03-11 13:32:14		readDeviceRandom() h0.3	Send Buffer is full, may have lost communication.
2024-03-11 13:32:15		readDeviceRandom() h0.3	Send Buffer is full, may have lost communication.
2024-03-11 13:32:15		readDeviceRandom() h1.0	Send Buffer is full, may have lost communication.
2024-03-11 13:32:15		readDeviceRandom() h1.0	Send Buffer is full, may have lost communication.
2024-03-11 13:32:15		readDeviceRandom() h1.0	Send Buffer is full, may have lost communication.
2024-03-11 13:32:15		readDeviceRandom() h1.0	Send Buffer is full, may have lost communication.
2024-03-11 13:32:15		readDeviceBlock-Read system Device Block Error Tagname =D241	No reponse from PLC. Ensure baud rate is correct.
2024-03-11 13:32:15		readDeviceBlock-Read system Device Block Error Tagname =D5161	No reponse from PLC. Ensure baud rate is correct.
2024-03-11 13:32:16		readDeviceRandom() h1.0	Send Buffer is full, may have lost communication.
2024-03-11 13:32:16		readDeviceBlock-Read system Device Block Error Tagname =D261	Send Buffer is full, may have lost communication.
2024-03-11 13:32:16		readDeviceBlock-Read system Device Block Error Tagname =D5121	Send Buffer is full, may have lost communication.
2024-03-11 13:32:16		readDeviceRandom() h1.0	Send Buffer is full, may have lost communication.
2024-03-11 13:32:16		readDeviceRandom() h1.0	Send Buffer is full, may have lost communication.
2024-03-11 13:32:16		readDeviceBlock-Read system Device Block Error Tagname =D281	The process cannot access the file 'F:\SCADA Projects\StarFastener\IndiSCADA\IndiSCADA-ST\bin\Debug\DriverErrorLog.log' because it is being used by another process.
2024-03-11 13:32:16		readDeviceBlock-Read system Device Block Error Tagname =D301	The process cannot access the file 'F:\SCADA Projects\StarFastener\IndiSCADA\IndiSCADA-ST\bin\Debug\DriverErrorLog.log' because it is being used by another process.
